03 May 2011 21:46:57,401 INFO  ~ Starting /home/rose/workspace/salat_play_issue
03 May 2011 21:46:57,405 INFO  ~ Module scala is available (/home/rose/workspace/play-1.2.1/modules/scala-0.9)
03 May 2011 21:46:58,804 WARN  ~ You're running Play! in DEV mode
03 May 2011 21:46:58,885 INFO  ~ Listening for HTTP on port 9000 (Waiting a first request to start) ...
03 May 2011 21:47:11,652 INFO  ~ Connected to jdbc:h2:mem:play;MODE=MYSQL;LOCK_MODE=0
03 May 2011 21:47:11,667 INFO  ~ Application 'CMS' is now started !
03 May 2011 21:47:20,960 ERROR ~ 

@66ajc073l
Application.index action not found

Action not found
Action Application.index could not be found. Error raised is Controller controllers.Application not found

play.exceptions.ActionNotFoundException: Action Application.index not found
	at play.mvc.ActionInvoker.getActionMethod(ActionInvoker.java:582)
	at play.mvc.ActionInvoker.resolve(ActionInvoker.java:84)
	at Invocation.HTTP Request(Play!)
Caused by: java.lang.Exception: Controller controllers.Application not found
	... 3 more
03 May 2011 21:49:20,118 ERROR ~ 

@66ajc073m
Cannot ouput XML unit output

Template execution error (In {module:testrunner}/app/views/TestRunner/results-xunit.xml around line 23)
Execution error occured in template {module:testrunner}/app/views/TestRunner/results-xunit.xml. Exception raised was NullPointerException : Cannot invoke method escapeXml() on null object.

play.exceptions.TemplateExecutionException: Cannot invoke method escapeXml() on null object
	at play.templates.BaseTemplate.throwException(BaseTemplate.java:84)
	at play.templates.GroovyTemplate.internalRender(GroovyTemplate.java:236)
	at play.templates.Template.render(Template.java:26)
	at controllers.TestRunner.run(TestRunner.java:80)
	at play.mvc.ActionInvoker.invokeWithContinuation(ActionInvoker.java:540)
	at play.mvc.ActionInvoker.invoke(ActionInvoker.java:498)
	at play.mvc.ActionInvoker.invokeControllerMethod(ActionInvoker.java:474)
	at play.mvc.ActionInvoker.invokeControllerMethod(ActionInvoker.java:469)
	at play.mvc.ActionInvoker.invoke(ActionInvoker.java:157)
	at Invocation.HTTP Request(Play!)
Caused by: java.lang.NullPointerException: Cannot invoke method escapeXml() on null object
	at {module:testrunner}/app/views/TestRunner/results-xunit.xml.(line:23)
	at play.templates.GroovyTemplate.internalRender(GroovyTemplate.java:213)
	... 8 more
03 May 2011 22:07:36,561 ERROR ~ 

@66ajc073n
Internal Server Error (500) for request GET /@tests

Compilation error (In /test/Tests.scala around line 30)
The file /test/Tests.scala could not be compiled. Error raised is : value asDBObject is not a member of Option[com.novus.salat.Grater[_ &lt;: com.novus.salat.package.CaseClass]]

play.exceptions.CompilationException: value asDBObject is not a member of Option[com.novus.salat.Grater[_ <: com.novus.salat.package.CaseClass]]
	at play.scalasupport.ScalaPlugin$ScalaCompiler$$anon$1.info0(ScalaPlugin.scala:223)
	at play.scalasupport.ScalaPlugin$ScalaCompiler$$anonfun$compile$1.apply$mcV$sp(ScalaPlugin.scala:383)
	at play.scalasupport.ScalaPlugin$ScalaCompiler$$anonfun$compile$1.apply(ScalaPlugin.scala:383)
	at play.scalasupport.ScalaPlugin$ScalaCompiler$$anonfun$compile$1.apply(ScalaPlugin.scala:383)
	at scala.util.DynamicVariable.withValue(DynamicVariable.scala:71)
	at scala.Console$.withOut(Console.scala:81)
	at play.scalasupport.ScalaPlugin$ScalaCompiler.compile(ScalaPlugin.scala:382)
	at play.scalasupport.ScalaPlugin.compile(ScalaPlugin.scala:210)
	at play.scalasupport.ScalaPlugin.onClassesChange(ScalaPlugin.scala:192)
	at play.scalasupport.ScalaPlugin.onClassesChange(ScalaPlugin.scala:39)
	at play.plugins.PluginCollection.onClassesChange(PluginCollection.java:445)
	at play.classloading.ApplicationClassloader.detectChanges(ApplicationClassloader.java:299)
	at play.Play.detectChanges(Play.java:560)
	at play.Invoker$Invocation.init(Invoker.java:186)
	at Invocation.HTTP Request(Play!)
03 May 2011 22:07:49,938 ERROR ~ 

@66ajc073o
Internal Server Error (500) for request GET /@tests

Compilation error (In /test/Tests.scala around line 30)
The file /test/Tests.scala could not be compiled. Error raised is : type mismatch;  found   : u.type (with underlying type models.User)  required: _$6 where type _$6 &lt;: com.novus.salat.package.CaseClass

play.exceptions.CompilationException: type mismatch;
 found   : u.type (with underlying type models.User)
 required: _$6 where type _$6 <: com.novus.salat.package.CaseClass
	at play.scalasupport.ScalaPlugin$ScalaCompiler$$anon$1.info0(ScalaPlugin.scala:223)
	at play.scalasupport.ScalaPlugin$ScalaCompiler$$anonfun$compile$1.apply$mcV$sp(ScalaPlugin.scala:383)
	at play.scalasupport.ScalaPlugin$ScalaCompiler$$anonfun$compile$1.apply(ScalaPlugin.scala:383)
	at play.scalasupport.ScalaPlugin$ScalaCompiler$$anonfun$compile$1.apply(ScalaPlugin.scala:383)
	at scala.util.DynamicVariable.withValue(DynamicVariable.scala:71)
	at scala.Console$.withOut(Console.scala:81)
	at play.scalasupport.ScalaPlugin$ScalaCompiler.compile(ScalaPlugin.scala:382)
	at play.scalasupport.ScalaPlugin.compile(ScalaPlugin.scala:210)
	at play.scalasupport.ScalaPlugin.onClassesChange(ScalaPlugin.scala:192)
	at play.scalasupport.ScalaPlugin.onClassesChange(ScalaPlugin.scala:39)
	at play.plugins.PluginCollection.onClassesChange(PluginCollection.java:445)
	at play.classloading.ApplicationClassloader.detectChanges(ApplicationClassloader.java:299)
	at play.Play.detectChanges(Play.java:560)
	at play.Invoker$Invocation.init(Invoker.java:186)
	at Invocation.HTTP Request(Play!)
03 May 2011 22:08:49,892 ERROR ~ 

@66ajc073p
Cannot ouput XML unit output

Template execution error (In {module:testrunner}/app/views/TestRunner/results-xunit.xml around line 23)
Execution error occured in template {module:testrunner}/app/views/TestRunner/results-xunit.xml. Exception raised was NullPointerException : Cannot invoke method escapeXml() on null object.

play.exceptions.TemplateExecutionException: Cannot invoke method escapeXml() on null object
	at play.templates.BaseTemplate.throwException(BaseTemplate.java:84)
	at play.templates.GroovyTemplate.internalRender(GroovyTemplate.java:236)
	at play.templates.Template.render(Template.java:26)
	at controllers.TestRunner.run(TestRunner.java:80)
	at play.mvc.ActionInvoker.invokeWithContinuation(ActionInvoker.java:540)
	at play.mvc.ActionInvoker.invoke(ActionInvoker.java:498)
	at play.mvc.ActionInvoker.invokeControllerMethod(ActionInvoker.java:474)
	at play.mvc.ActionInvoker.invokeControllerMethod(ActionInvoker.java:469)
	at play.mvc.ActionInvoker.invoke(ActionInvoker.java:157)
	at Invocation.HTTP Request(Play!)
Caused by: java.lang.NullPointerException: Cannot invoke method escapeXml() on null object
	at {module:testrunner}/app/views/TestRunner/results-xunit.xml.(line:23)
	at play.templates.GroovyTemplate.internalRender(GroovyTemplate.java:213)
	... 8 more
